<?xml version="1.0" encoding="UTF-8"?>
<!-- Generated by org.testng.reporters.JUnitXMLReporter -->
<testsuite ignored="0" hostname="LAPTOP-O3NCOK7A" failures="0" tests="4" name="Default test" time="10.907" errors="0" timestamp="2025-06-21T23:49:07 IST">
  <testcase classname="api.test.Usertestcases" name="postuser" time="4.304"/>
  <testcase classname="api.test.Usertestcases" name="Getuser" time="1.729"/>
  <testcase classname="api.test.Usertestcases" name="Updateuser" time="2.986"/>
  <testcase classname="api.test.Usertestcases" name="DeleteUser" time="1.407"/>
</testsuite> <!-- Default test -->
