<?xml version="1.0" encoding="UTF-8"?>
<testng-results ignored="0" total="4" passed="4" failed="0" skipped="0">
  <reporter-output>
  </reporter-output>
  <suite started-at="2025-06-22T01:39:18 IST" name="PetSuite" finished-at="2025-06-22T01:39:31 IST" duration-ms="13093">
    <groups>
    </groups>
    <test started-at="2025-06-22T01:39:18 IST" name="PetTests" finished-at="2025-06-22T01:39:31 IST" duration-ms="13093">
      <class name="api.test.Usertests">
        <test-method is-config="true" signature="setup()[pri:0, instance:api.test.Usertests@71809907]" started-at="2025-06-22T01:39:19 IST" name="setup" finished-at="2025-06-22T01:39:20 IST" duration-ms="1005" status="PASS">
          <reporter-output>
          </reporter-output>
        </test-method> <!-- setup -->
        <test-method signature="testPostUser()[pri:1, instance:api.test.Usertests@71809907]" started-at="2025-06-22T01:39:20 IST" name="testPostUser" finished-at="2025-06-22T01:39:26 IST" duration-ms="6134" status="PASS">
          <reporter-output>
          </reporter-output>
        </test-method> <!-- testPostUser -->
        <test-method signature="testGetUserByName()[pri:2, instance:api.test.Usertests@71809907]" started-at="2025-06-22T01:39:26 IST" name="testGetUserByName" finished-at="2025-06-22T01:39:27 IST" duration-ms="1426" status="PASS">
          <reporter-output>
          </reporter-output>
        </test-method> <!-- testGetUserByName -->
        <test-method signature="testUpdateUserByName()[pri:3, instance:api.test.Usertests@71809907]" started-at="2025-06-22T01:39:27 IST" name="testUpdateUserByName" finished-at="2025-06-22T01:39:30 IST" duration-ms="2626" status="PASS">
          <reporter-output>
          </reporter-output>
        </test-method> <!-- testUpdateUserByName -->
        <test-method signature="testDeleteUserByName()[pri:4, instance:api.test.Usertests@71809907]" started-at="2025-06-22T01:39:30 IST" name="testDeleteUserByName" finished-at="2025-06-22T01:39:31 IST" duration-ms="1253" status="PASS">
          <reporter-output>
          </reporter-output>
        </test-method> <!-- testDeleteUserByName -->
      </class> <!-- api.test.Usertests -->
    </test> <!-- PetTests -->
  </suite> <!-- PetSuite -->
</testng-results>
