<?xml version="1.0" encoding="UTF-8"?>
<testng-results ignored="0" total="4" passed="4" failed="0" skipped="0">
  <reporter-output>
  </reporter-output>
  <suite started-at="2025-06-22T01:29:57 IST" name="PetSuite" finished-at="2025-06-22T01:30:07 IST" duration-ms="10512">
    <groups>
    </groups>
    <test started-at="2025-06-22T01:29:57 IST" name="PetTests" finished-at="2025-06-22T01:30:07 IST" duration-ms="10512">
      <class name="api.test.Usertests">
        <test-method is-config="true" signature="setup()[pri:0, instance:api.test.Usertests@3e8c3cb]" started-at="2025-06-22T01:29:57 IST" name="setup" finished-at="2025-06-22T01:29:58 IST" duration-ms="574" status="PASS">
          <reporter-output>
          </reporter-output>
        </test-method> <!-- setup -->
        <test-method signature="testPostUser()[pri:1, instance:api.test.Usertests@3e8c3cb]" started-at="2025-06-22T01:29:58 IST" name="testPostUser" finished-at="2025-06-22T01:30:02 IST" duration-ms="4284" status="PASS">
          <reporter-output>
          </reporter-output>
        </test-method> <!-- testPostUser -->
        <test-method signature="testGetUserByName()[pri:2, instance:api.test.Usertests@3e8c3cb]" started-at="2025-06-22T01:30:02 IST" name="testGetUserByName" finished-at="2025-06-22T01:30:03 IST" duration-ms="1382" status="PASS">
          <reporter-output>
          </reporter-output>
        </test-method> <!-- testGetUserByName -->
        <test-method signature="testUpdateUserByName()[pri:3, instance:api.test.Usertests@3e8c3cb]" started-at="2025-06-22T01:30:03 IST" name="testUpdateUserByName" finished-at="2025-06-22T01:30:06 IST" duration-ms="2621" status="PASS">
          <reporter-output>
          </reporter-output>
        </test-method> <!-- testUpdateUserByName -->
        <test-method signature="testDeleteUserByName()[pri:4, instance:api.test.Usertests@3e8c3cb]" started-at="2025-06-22T01:30:06 IST" name="testDeleteUserByName" finished-at="2025-06-22T01:30:07 IST" duration-ms="1303" status="PASS">
          <reporter-output>
          </reporter-output>
        </test-method> <!-- testDeleteUserByName -->
      </class> <!-- api.test.Usertests -->
    </test> <!-- PetTests -->
  </suite> <!-- PetSuite -->
</testng-results>
