<?xml version="1.0" encoding="UTF-8"?>
<!-- Generated by org.testng.reporters.JUnitXMLReporter -->
<testsuite ignored="0" hostname="LAPTOP-O3NCOK7A" failures="0" tests="4" name="PetTests" time="13.093" errors="0" timestamp="2025-06-22T01:39:32 IST">
  <testcase classname="api.test.Usertests" name="testPostUser" time="6.134"/>
  <testcase classname="api.test.Usertests" name="testGetUserByName" time="1.426"/>
  <testcase classname="api.test.Usertests" name="testUpdateUserByName" time="2.626"/>
  <testcase classname="api.test.Usertests" name="testDeleteUserByName" time="1.253"/>
</testsuite> <!-- PetTests -->
